2023-12-01 19:58:32,961 - INFO - Iteration 0: Test Accuracy = 0.55
2023-12-01 19:58:32,968 - INFO - Confusion Matrix:
[[ 0  9]
 [ 0 11]]
2023-12-01 19:58:32,978 - INFO - Iteration 1: Test Accuracy = 0.6
2023-12-01 19:58:32,978 - INFO - Confusion Matrix:
[[ 0  8]
 [ 0 12]]
2023-12-01 19:58:32,997 - INFO - Iteration 2: Test Accuracy = 0.45
2023-12-01 19:58:32,997 - INFO - Confusion Matrix:
[[ 0 11]
 [ 0  9]]
2023-12-01 19:58:33,014 - INFO - Iteration 3: Test Accuracy = 0.65
2023-12-01 19:58:33,014 - INFO - Confusion Matrix:
[[ 0  7]
 [ 0 13]]
2023-12-01 19:58:33,039 - INFO - Iteration 4: Test Accuracy = 0.5
2023-12-01 19:58:33,040 - INFO - Confusion Matrix:
[[ 0 10]
 [ 0 10]]
2023-12-01 19:58:33,042 - INFO - Best model saved with accuracy: 0.65
